<?xml version="1.0" encoding="UTF-8"?>
<testsuite name="com.dws.challenge.service.AccountTransferServiceTest" tests="1" skipped="0" failures="0" errors="0" timestamp="2024-09-12T11:03:38" hostname="Yashendras-MacBook-Air.local" time="0.2">
  <properties/>
  <testcase name="testTransferMoney()" classname="com.dws.challenge.service.AccountTransferServiceTest" time="0.2"/>
  <system-out><![CDATA[16:33:32.410 [Test worker] DEBUG org.springframework.test.context.BootstrapUtils - Instantiating CacheAwareContextLoaderDelegate from class [org.springframework.test.context.cache.DefaultCacheAwareContextLoaderDelegate]
16:33:32.432 [Test worker] DEBUG org.springframework.test.context.BootstrapUtils - Instantiating BootstrapContext using constructor [public org.springframework.test.context.support.DefaultBootstrapContext(java.lang.Class,org.springframework.test.context.CacheAwareContextLoaderDelegate)]
16:33:32.494 [Test worker] DEBUG org.springframework.test.context.BootstrapUtils - Instantiating TestContextBootstrapper for test class [com.dws.challenge.service.AccountTransferServiceTest] from class [org.springframework.boot.test.context.SpringBootTestContextBootstrapper]
16:33:32.518 [Test worker] INFO org.springframework.boot.test.context.SpringBootTestContextBootstrapper - Neither @ContextConfiguration nor @ContextHierarchy found for test class [com.dws.challenge.service.AccountTransferServiceTest], using SpringBootContextLoader
16:33:32.526 [Test worker] DEBUG org.springframework.test.context.support.AbstractContextLoader - Did not detect default resource location for test class [com.dws.challenge.service.AccountTransferServiceTest]: class path resource [com/dws/challenge/service/AccountTransferServiceTest-context.xml] does not exist
16:33:32.527 [Test worker] DEBUG org.springframework.test.context.support.AbstractContextLoader - Did not detect default resource location for test class [com.dws.challenge.service.AccountTransferServiceTest]: class path resource [com/dws/challenge/service/AccountTransferServiceTestContext.groovy] does not exist
16:33:32.529 [Test worker] INFO org.springframework.test.context.support.AbstractContextLoader - Could not detect default resource locations for test class [com.dws.challenge.service.AccountTransferServiceTest]: no resource found for suffixes {-context.xml, Context.groovy}.
16:33:32.530 [Test worker] INFO org.springframework.test.context.support.AnnotationConfigContextLoaderUtils - Could not detect default configuration classes for test class [com.dws.challenge.service.AccountTransferServiceTest]: AccountTransferServiceTest does not declare any static, non-private, non-final, nested classes annotated with @Configuration.
16:33:32.645 [Test worker] DEBUG org.springframework.test.context.support.ActiveProfilesUtils - Could not find an 'annotation declaring class' for annotation type [org.springframework.test.context.ActiveProfiles] and class [com.dws.challenge.service.AccountTransferServiceTest]
16:33:32.786 [Test worker] DEBUG org.springframework.context.annotation.ClassPathScanningCandidateComponentProvider - Identified candidate component class: file [/Users/yashendra/Downloads/challenge/build/classes/java/main/com/dws/challenge/ChallengeApplication.class]
16:33:32.792 [Test worker] INFO org.springframework.boot.test.context.SpringBootTestContextBootstrapper - Found @SpringBootConfiguration com.dws.challenge.ChallengeApplication for test class com.dws.challenge.service.AccountTransferServiceTest
16:33:33.037 [Test worker] DEBUG org.springframework.boot.test.context.SpringBootTestContextBootstrapper - @TestExecutionListeners is not present for class [com.dws.challenge.service.AccountTransferServiceTest]: using defaults.
16:33:33.038 [Test worker] INFO org.springframework.boot.test.context.SpringBootTestContextBootstrapper - Loaded default TestExecutionListener class names from location [META-INF/spring.factories]: [org.springframework.boot.test.autoconfigure.restdocs.RestDocsTestExecutionListener, org.springframework.boot.test.autoconfigure.web.client.MockRestServiceServerResetTestExecutionListener, org.springframework.boot.test.autoconfigure.web.servlet.MockMvcPrintOnlyOnFailureTestExecutionListener, org.springframework.boot.test.autoconfigure.web.servlet.WebDriverTestExecutionListener, org.springframework.boot.test.autoconfigure.webservices.client.MockWebServiceServerTestExecutionListener, org.springframework.boot.test.mock.mockito.MockitoTestExecutionListener, org.springframework.boot.test.mock.mockito.ResetMocksTestExecutionListener, org.springframework.test.context.web.ServletTestExecutionListener, org.springframework.test.context.support.DirtiesContextBeforeModesTestExecutionListener, org.springframework.test.context.event.ApplicationEventsTestExecutionListener, org.springframework.test.context.support.DependencyInjectionTestExecutionListener, org.springframework.test.context.support.DirtiesContextTestExecutionListener, org.springframework.test.context.transaction.TransactionalTestExecutionListener, org.springframework.test.context.jdbc.SqlScriptsTestExecutionListener, org.springframework.test.context.event.EventPublishingTestExecutionListener]
16:33:33.066 [Test worker] DEBUG org.springframework.boot.test.context.SpringBootTestContextBootstrapper - Skipping candidate TestExecutionListener [org.springframework.test.context.transaction.TransactionalTestExecutionListener] due to a missing dependency. Specify custom listener classes or make the default listener classes and their required dependencies available. Offending class: [org/springframework/transaction/TransactionDefinition]
16:33:33.067 [Test worker] DEBUG org.springframework.boot.test.context.SpringBootTestContextBootstrapper - Skipping candidate TestExecutionListener [org.springframework.test.context.jdbc.SqlScriptsTestExecutionListener] due to a missing dependency. Specify custom listener classes or make the default listener classes and their required dependencies available. Offending class: [org/springframework/transaction/interceptor/TransactionAttribute]
16:33:33.068 [Test worker] INFO org.springframework.boot.test.context.SpringBootTestContextBootstrapper - Using TestExecutionListeners: [org.springframework.test.context.web.ServletTestExecutionListener@1968a49c, org.springframework.test.context.support.DirtiesContextBeforeModesTestExecutionListener@6a1ebcff, org.springframework.test.context.event.ApplicationEventsTestExecutionListener@19868320, org.springframework.boot.test.mock.mockito.MockitoTestExecutionListener@50b0bc4c, org.springframework.boot.test.autoconfigure.SpringBootDependencyInjectionTestExecutionListener@c20be82, org.springframework.test.context.support.DirtiesContextTestExecutionListener@13c612bd, org.springframework.test.context.event.EventPublishingTestExecutionListener@3ef41c66, org.springframework.boot.test.autoconfigure.restdocs.RestDocsTestExecutionListener@6b739528, org.springframework.boot.test.autoconfigure.web.client.MockRestServiceServerResetTestExecutionListener@622ef26a, org.springframework.boot.test.autoconfigure.web.servlet.MockMvcPrintOnlyOnFailureTestExecutionListener@41de5768, org.springframework.boot.test.autoconfigure.web.servlet.WebDriverTestExecutionListener@5f577419, org.springframework.boot.test.autoconfigure.webservices.client.MockWebServiceServerTestExecutionListener@28fa700e, org.springframework.boot.test.mock.mockito.ResetMocksTestExecutionListener@3d526ad9]
16:33:33.075 [Test worker] DEBUG org.springframework.test.context.support.AbstractDirtiesContextTestExecutionListener - Before test class: context [DefaultTestContext@25243bc1 testClass = AccountTransferServiceTest, testInstance = [null], testMethod = [null], testException = [null], mergedContextConfiguration = [WebMergedContextConfiguration@1e287667 testClass = AccountTransferServiceTest, locations = '{}', classes = '{class com.dws.challenge.ChallengeApplication}', contextInitializerClasses = '[]', activeProfiles = '{}', propertySourceLocations = '{}', propertySourceProperties = '{org.springframework.boot.test.context.SpringBootTestContextBootstrapper=true}', contextCustomizers = set[org.springframework.boot.test.autoconfigure.actuate.metrics.MetricsExportContextCustomizerFactory$DisableMetricExportContextCustomizer@3b220bcb, org.springframework.boot.test.autoconfigure.properties.PropertyMappingContextCustomizer@0, org.springframework.boot.test.autoconfigure.web.servlet.WebDriverContextCustomizerFactory$Customizer@1b065145, org.springframework.boot.test.context.filter.ExcludeFilterContextCustomizer@5827af16, org.springframework.boot.test.json.DuplicateJsonObjectContextCustomizerFactory$DuplicateJsonObjectContextCustomizer@630cb4a4, org.springframework.boot.test.mock.mockito.MockitoContextCustomizer@e6eec314, org.springframework.boot.test.web.client.TestRestTemplateContextCustomizer@553f1d75, org.springframework.boot.test.context.SpringBootTestArgs@1, org.springframework.boot.test.context.SpringBootTestWebEnvironment@295cf707], resourceBasePath = 'src/main/webapp', contextLoader = 'org.springframework.boot.test.context.SpringBootContextLoader', parent = [null]], attributes = map['org.springframework.test.context.web.ServletTestExecutionListener.activateListener' -> true]], class annotated with @DirtiesContext [false] with mode [null].

  .   ____          _            __ _ _
 /\\ / ___'_ __ _ _(_)_ __  __ _ \ \ \ \
( ( )\___ | '_ | '_| | '_ \/ _` | \ \ \ \
 \\/  ___)| |_)| | | | | || (_| |  ) ) ) )
  '  |____| .__|_| |_|_| |_\__, | / / / /
 =========|_|==============|___/=/_/_/_/
 :: Spring Boot ::                (v2.6.6)

2024-09-12 16:33:33.936  INFO 12592 --- [    Test worker] c.d.c.s.AccountTransferServiceTest       : Starting AccountTransferServiceTest using Java 11.0.22 on Yashendras-MacBook-Air.local with PID 12592 (started by yashendra in /Users/yashendra/Downloads/challenge)
2024-09-12 16:33:33.938  INFO 12592 --- [    Test worker] c.d.c.s.AccountTransferServiceTest       : No active profile set, falling back to 1 default profile: "default"
2024-09-12 16:33:38.412  INFO 12592 --- [    Test worker] c.d.c.s.AccountTransferServiceTest       : Started AccountTransferServiceTest in 5.274 seconds (JVM running for 7.992)
]]></system-out>
  <system-err><![CDATA[]]></system-err>
</testsuite>
